Using pre-set license
Built from '2021.3/staging' branch; Version is '2021.3.9f1 (ad3870b89536) revision 11352176'; Using compiler version '192829333'; Build Type 'Release'
OS: 'Windows 11  (10.0.22000) 64bit CoreSingleLanguage' Language: 'en' Physical Memory: 16225 MB
BatchMode: 1, IsHumanControllingUs: 0, StartBugReporterOnCrash: 0, Is64bit: 1, IsPro: 1

COMMAND LINE ARGUMENTS:
C:\Program Files\Unity\Hub\Editor\2021.3.9f1\Editor\Unity.exe
-adb2
-batchMode
-noUpm
-name
AssetImportWorker2
-projectPath
E:/Documents/CODING/Git/MBKM-Labirin
-logFile
Logs/AssetImportWorker2.log
-srvPort
50737
Successfully changed project path to: E:/Documents/CODING/Git/MBKM-Labirin
E:/Documents/CODING/Git/MBKM-Labirin
[UnityMemory] Configuration Parameters - Can be set up in boot.config
    "memorysetup-bucket-allocator-granularity=16"
    "memorysetup-bucket-allocator-bucket-count=8"
    "memorysetup-bucket-allocator-block-size=33554432"
    "memorysetup-bucket-allocator-block-count=8"
    "memorysetup-main-allocator-block-size=16777216"
    "memorysetup-thread-allocator-block-size=16777216"
    "memorysetup-gfx-main-allocator-block-size=16777216"
    "memorysetup-gfx-thread-allocator-block-size=16777216"
    "memorysetup-cache-allocator-block-size=4194304"
    "memorysetup-typetree-allocator-block-size=2097152"
    "memorysetup-profiler-bucket-allocator-granularity=16"
    "memorysetup-profiler-bucket-allocator-bucket-count=8"
    "memorysetup-profiler-bucket-allocator-block-size=33554432"
    "memorysetup-profiler-bucket-allocator-block-count=8"
    "memorysetup-profiler-allocator-block-size=16777216"
    "memorysetup-profiler-editor-allocator-block-size=1048576"
    "memorysetup-temp-allocator-size-main=16777216"
    "memorysetup-job-temp-allocator-block-size=2097152"
    "memorysetup-job-temp-allocator-block-size-background=1048576"
    "memorysetup-job-temp-allocator-reduction-small-platforms=262144"
    "memorysetup-temp-allocator-size-background-worker=32768"
    "memorysetup-temp-allocator-size-job-worker=262144"
    "memorysetup-temp-allocator-size-preload-manager=33554432"
    "memorysetup-temp-allocator-size-nav-mesh-worker=65536"
    "memorysetup-temp-allocator-size-audio-worker=65536"
    "memorysetup-temp-allocator-size-cloud-worker=32768"
    "memorysetup-temp-allocator-size-gi-baking-worker=262144"
    "memorysetup-temp-allocator-size-gfx=262144"
Refreshing native plugins compatible for Editor in 105.08 ms, found 3 plugins.
Preloading 0 native plugins for Editor in 0.00 ms.
Initialize engine version: 2021.3.9f1 (ad3870b89536)
[Subsystems] Discovering subsystems at path C:/Program Files/Unity/Hub/Editor/2021.3.9f1/Editor/Data/Resources/UnitySubsystems
[Subsystems] Discovering subsystems at path E:/Documents/CODING/Git/MBKM-Labirin/Assets
GfxDevice: creating device client; threaded=0; jobified=0
Direct3D:
    Version:  Direct3D 11.0 [level 11.1]
    Renderer: NVIDIA GeForce GTX 1650 (ID=0x1f91)
    Vendor:   NVIDIA
    VRAM:     3962 MB
    Driver:   30.0.15.1278
Initialize mono
Mono path[0] = 'C:/Program Files/Unity/Hub/Editor/2021.3.9f1/Editor/Data/Managed'
Mono path[1] = 'C:/Program Files/Unity/Hub/Editor/2021.3.9f1/Editor/Data/MonoBleedingEdge/lib/mono/unityjit-win32'
Mono config path = 'C:/Program Files/Unity/Hub/Editor/2021.3.9f1/Editor/Data/MonoBleedingEdge/etc'
Using monoOptions --debugger-agent=transport=dt_socket,embedding=1,server=y,suspend=n,address=127.0.0.1:56540
Begin MonoManager ReloadAssembly
Registering precompiled unity dll's ...
Register platform support module: C:/Program Files/Unity/Hub/Editor/2021.3.9f1/Editor/Data/PlaybackEngines/WebGLSupport/UnityEditor.WebGL.Extensions.dll
Register platform support module: C:/Program Files/Unity/Hub/Editor/2021.3.9f1/Editor/Data/PlaybackEngines/AndroidPlayer/UnityEditor.Android.Extensions.dll
Register platform support module: C:/Program Files/Unity/Hub/Editor/2021.3.9f1/Editor/Data/PlaybackEngines/WindowsStandaloneSupport/UnityEditor.WindowsStandalone.Extensions.dll
Register platform support module: C:/Program Files/Unity/Hub/Editor/2021.3.9f1/Editor/Data/PlaybackEngines/MetroSupport/UnityEditor.UWP.Extensions.dll
Registered in 0.007868 seconds.
Native extension for UWP target not found
Native extension for WindowsStandalone target not found
Native extension for Android target not found
Native extension for WebGL target not found
Refreshing native plugins compatible for Editor in 118.96 ms, found 3 plugins.
Preloading 0 native plugins for Editor in 0.00 ms.
Mono: successfully reloaded assembly
- Completed reload, in  0.877 seconds
Domain Reload Profiling:
	ReloadAssembly (877ms)
		BeginReloadAssembly (87ms)
			ExecutionOrderSort (0ms)
			DisableScriptedObjects (0ms)
			BackupInstance (0ms)
			ReleaseScriptingObjects (0ms)
			CreateAndSetChildDomain (1ms)
		EndReloadAssembly (645ms)
			LoadAssemblies (84ms)
			RebuildTransferFunctionScriptingTraits (0ms)
			SetupTypeCache (147ms)
			ReleaseScriptCaches (0ms)
			RebuildScriptCaches (41ms)
			SetupLoadedEditorAssemblies (393ms)
				LogAssemblyErrors (0ms)
				InitializePlatformSupportModulesInManaged (75ms)
				SetLoadedEditorAssemblies (2ms)
				RefreshPlugins (119ms)
				BeforeProcessingInitializeOnLoad (1ms)
				ProcessInitializeOnLoadAttributes (137ms)
				ProcessInitializeOnLoadMethodAttributes (59ms)
				AfterProcessingInitializeOnLoad (0ms)
				EditorAssembliesLoaded (0ms)
			ExecutionOrderSort2 (0ms)
			AwakeInstancesAfterBackupRestoration (0ms)
Platform modules already initialized, skipping
Registering precompiled user dll's ...
Registered in 0.005269 seconds.
Begin MonoManager ReloadAssembly
Symbol file LoadedFromMemory doesn't match image E:\Documents\CODING\Git\MBKM-Labirin\Library\PackageCache\com.unity.visualscripting@1.7.8\Editor\VisualScripting.Core\Dependencies\YamlDotNet\Unity.VisualScripting.YamlDotNet.dll
Symbol file LoadedFromMemory doesn't match image E:\Documents\CODING\Git\MBKM-Labirin\Library\PackageCache\com.unity.visualscripting@1.7.8\Editor\VisualScripting.Core\Dependencies\DotNetZip\Unity.VisualScripting.IonicZip.dll
Native extension for UWP target not found
Native extension for WindowsStandalone target not found
Native extension for Android target not found
Native extension for WebGL target not found
Refreshing native plugins compatible for Editor in 4.35 ms, found 3 plugins.
Preloading 0 native plugins for Editor in 0.00 ms.
Mono: successfully reloaded assembly
- Completed reload, in  1.352 seconds
Domain Reload Profiling:
	ReloadAssembly (1353ms)
		BeginReloadAssembly (215ms)
			ExecutionOrderSort (0ms)
			DisableScriptedObjects (6ms)
			BackupInstance (0ms)
			ReleaseScriptingObjects (0ms)
			CreateAndSetChildDomain (131ms)
		EndReloadAssembly (1026ms)
			LoadAssemblies (76ms)
			RebuildTransferFunctionScriptingTraits (0ms)
			SetupTypeCache (289ms)
			ReleaseScriptCaches (1ms)
			RebuildScriptCaches (75ms)
			SetupLoadedEditorAssemblies (521ms)
				LogAssemblyErrors (0ms)
				InitializePlatformSupportModulesInManaged (23ms)
				SetLoadedEditorAssemblies (1ms)
				RefreshPlugins (4ms)
				BeforeProcessingInitializeOnLoad (151ms)
				ProcessInitializeOnLoadAttributes (311ms)
				ProcessInitializeOnLoadMethodAttributes (26ms)
				AfterProcessingInitializeOnLoad (6ms)
				EditorAssembliesLoaded (0ms)
			ExecutionOrderSort2 (0ms)
			AwakeInstancesAfterBackupRestoration (5ms)
Platform modules already initialized, skipping
========================================================================
Worker process is ready to serve import requests
Launched and connected shader compiler UnityShaderCompiler.exe after 0.05 seconds
Refreshing native plugins compatible for Editor in 0.89 ms, found 3 plugins.
Preloading 0 native plugins for Editor in 0.00 ms.
Unloading 3891 Unused Serialized files (Serialized files now loaded: 0)
Unloading 36 unused Assets / (154.5 KB). Loaded Objects now: 4359.
Memory consumption went from 139.1 MB to 139.0 MB.
Total: 3.218000 ms (FindLiveObjects: 0.283100 ms CreateObjectMapping: 0.238100 ms MarkObjects: 2.581300 ms  DeleteObjects: 0.114600 ms)

AssetImportParameters requested are different than current active one (requested -> active):
  custom:video-decoder-ogg-theora: a1e56fd34408186e4bbccfd4996cb3dc -> 
  custom:container-muxer-webm: aa71ff27fc2769a1b78a27578f13a17b -> 
  custom:container-demuxer-webm: 4f35f7cbe854078d1ac9338744f61a02 -> 
  custom:video-encoder-webm-vp8: eb34c28f22e8b96e1ab97ce403110664 -> 
  custom:audio-encoder-webm-vorbis: bf7c407c2cedff20999df2af8eb42d56 -> 
  custom:framework-win-MediaFoundation: 216162199b28c13a410421893ffa2e32 -> 
  custom:container-demuxer-ogg: 62fdf1f143b41e24485cea50d1cbac27 -> 
  custom:video-decoder-webm-vp8: 9c59270c3fd7afecdb556c50c9e8de78 -> 
  custom:audio-decoder-ogg-vorbis: bf7c407c2cedff20999df2af8eb42d56 -> 
========================================================================
Received Import Request.
  Time since last request: 4703.639116 seconds.
  path: Packages/com.unity.collab-proxy/Editor/PlasticSCM/Assets/Images/ignoredoverlay@2x.png
  artifactKey: Guid(999d04c0ea94ccc41b3d80788160695b) Importer(815301076,1909f56bfc062723c751e8b465ee728b)
Start importing Packages/com.unity.collab-proxy/Editor/PlasticSCM/Assets/Images/ignoredoverlay@2x.png using Guid(999d04c0ea94ccc41b3d80788160695b) Importer(815301076,1909f56bfc062723c751e8b465ee728b)  -> (artifact id: '36db1fc82b4390ca6e8af1298617de26') in 0.141830 seconds 
========================================================================
Received Import Request.
  Time since last request: 0.000035 seconds.
  path: Assets/arts/White-Square.jpg
  artifactKey: Guid(ccd4037afe84934439e21fc73f48bc9d) Importer(815301076,1909f56bfc062723c751e8b465ee728b)
Start importing Assets/arts/White-Square.jpg using Guid(ccd4037afe84934439e21fc73f48bc9d) Importer(815301076,1909f56bfc062723c751e8b465ee728b)  -> (artifact id: 'dcf40ab41fb914f3c96c1e3372fd5ef8') in 0.026228 seconds 
========================================================================
Received Import Request.
  Time since last request: 0.000037 seconds.
  path: Assets/arts/Quit.png
  artifactKey: Guid(fa09b1ea6e4eea342b3a8e4c93f9fc00) Importer(815301076,1909f56bfc062723c751e8b465ee728b)
Start importing Assets/arts/Quit.png using Guid(fa09b1ea6e4eea342b3a8e4c93f9fc00) Importer(815301076,1909f56bfc062723c751e8b465ee728b)  -> (artifact id: '37bbfe7cb1c2b0802634627a3a63fb7e') in 0.023763 seconds 
========================================================================
Received Import Request.
  Time since last request: 0.000023 seconds.
  path: Packages/com.unity.collab-proxy/Editor/PlasticSCM/Assets/Images/stepok@2x.png
  artifactKey: Guid(be340a165cb9c8d4cb50f1deeb51d4ea) Importer(815301076,1909f56bfc062723c751e8b465ee728b)
Start importing Packages/com.unity.collab-proxy/Editor/PlasticSCM/Assets/Images/stepok@2x.png using Guid(be340a165cb9c8d4cb50f1deeb51d4ea) Importer(815301076,1909f56bfc062723c751e8b465ee728b)  -> (artifact id: '6dcb73be1fb174b62345e8f18d3a9075') in 0.016719 seconds 
========================================================================
Received Import Request.
  Time since last request: 312.976977 seconds.
  path: Assets/Scenes/MainMenu.unity
  artifactKey: Guid(ff433b7e07329764497a086b54cdb58b) Importer(815301076,1909f56bfc062723c751e8b465ee728b)
Start importing Assets/Scenes/MainMenu.unity using Guid(ff433b7e07329764497a086b54cdb58b) Importer(815301076,1909f56bfc062723c751e8b465ee728b)  -> (artifact id: 'e5826c5f02e4fe9c3dcd3e2f296cb9c0') in 0.001988 seconds 
========================================================================
Received Import Request.
  Time since last request: 166.552015 seconds.
  path: Assets/Module/CornerES.asset
  artifactKey: Guid(7bbe8fe1364063f4585a450bc725253d) Importer(815301076,1909f56bfc062723c751e8b465ee728b)
Start importing Assets/Module/CornerES.asset using Guid(7bbe8fe1364063f4585a450bc725253d) Importer(815301076,1909f56bfc062723c751e8b465ee728b)  -> (artifact id: '0706b951482e6e9aeb7594fd0fa5aa6a') in 0.046979 seconds 
========================================================================
Received Import Request.
  Time since last request: 0.000022 seconds.
  path: Assets/Module/CornerWN.asset
  artifactKey: Guid(0ea75663d0d12d34daced26693ab418f) Importer(815301076,1909f56bfc062723c751e8b465ee728b)
Start importing Assets/Module/CornerWN.asset using Guid(0ea75663d0d12d34daced26693ab418f) Importer(815301076,1909f56bfc062723c751e8b465ee728b)  -> (artifact id: 'f2c68756865c02e2aa3e9a4efb5976f8') in 0.008447 seconds 
========================================================================
Received Import Request.
  Time since last request: 0.000067 seconds.
  path: Assets/Module/StraightX.asset
  artifactKey: Guid(a566c19dd5235ff4abfee9a4d9077a6d) Importer(815301076,1909f56bfc062723c751e8b465ee728b)
Start importing Assets/Module/StraightX.asset using Guid(a566c19dd5235ff4abfee9a4d9077a6d) Importer(815301076,1909f56bfc062723c751e8b465ee728b)  -> (artifact id: '082893d9f8d3dfaaf781653cc31f7061') in 0.008275 seconds 
========================================================================
Received Import Request.
  Time since last request: 0.000018 seconds.
  path: Assets/Module/Start.asset
  artifactKey: Guid(d8250cdd278e25848b300dd7d16b2f89) Importer(815301076,1909f56bfc062723c751e8b465ee728b)
Start importing Assets/Module/Start.asset using Guid(d8250cdd278e25848b300dd7d16b2f89) Importer(815301076,1909f56bfc062723c751e8b465ee728b)  -> (artifact id: '26ad5a69c88a0350cf6ac4fadd7d5db8') in 0.003159 seconds 
========================================================================
Received Import Request.
  Time since last request: 4.427590 seconds.
  path: Assets/Module
  artifactKey: Guid(6e04c4cf47d362f48b291888ce7c80b6) Importer(815301076,1909f56bfc062723c751e8b465ee728b)
Start importing Assets/Module using Guid(6e04c4cf47d362f48b291888ce7c80b6) Importer(815301076,1909f56bfc062723c751e8b465ee728b)  -> (artifact id: '673a925802aa596ca4c74dddf7a8a4bf') in 0.005775 seconds 
========================================================================
Received Prepare
Registering precompiled user dll's ...
Registered in 0.004175 seconds.
Begin MonoManager ReloadAssembly
Symbol file LoadedFromMemory doesn't match image E:\Documents\CODING\Git\MBKM-Labirin\Library\PackageCache\com.unity.visualscripting@1.7.8\Editor\VisualScripting.Core\Dependencies\YamlDotNet\Unity.VisualScripting.YamlDotNet.dll
Symbol file LoadedFromMemory doesn't match image E:\Documents\CODING\Git\MBKM-Labirin\Library\PackageCache\com.unity.visualscripting@1.7.8\Editor\VisualScripting.Core\Dependencies\DotNetZip\Unity.VisualScripting.IonicZip.dll
Native extension for UWP target not found
Native extension for WindowsStandalone target not found
Native extension for Android target not found
Native extension for WebGL target not found
Refreshing native plugins compatible for Editor in 0.69 ms, found 3 plugins.
Preloading 0 native plugins for Editor in 0.00 ms.
Mono: successfully reloaded assembly
- Completed reload, in  1.080 seconds
Domain Reload Profiling:
	ReloadAssembly (1083ms)
		BeginReloadAssembly (150ms)
			ExecutionOrderSort (0ms)
			DisableScriptedObjects (5ms)
			BackupInstance (0ms)
			ReleaseScriptingObjects (0ms)
			CreateAndSetChildDomain (60ms)
		EndReloadAssembly (843ms)
			LoadAssemblies (75ms)
			RebuildTransferFunctionScriptingTraits (0ms)
			SetupTypeCache (294ms)
			ReleaseScriptCaches (1ms)
			RebuildScriptCaches (41ms)
			SetupLoadedEditorAssemblies (376ms)
				LogAssemblyErrors (0ms)
				InitializePlatformSupportModulesInManaged (22ms)
				SetLoadedEditorAssemblies (0ms)
				RefreshPlugins (1ms)
				BeforeProcessingInitializeOnLoad (71ms)
				ProcessInitializeOnLoadAttributes (245ms)
				ProcessInitializeOnLoadMethodAttributes (30ms)
				AfterProcessingInitializeOnLoad (5ms)
				EditorAssembliesLoaded (0ms)
			ExecutionOrderSort2 (0ms)
			AwakeInstancesAfterBackupRestoration (5ms)
Platform modules already initialized, skipping
Refreshing native plugins compatible for Editor in 1.83 ms, found 3 plugins.
Preloading 0 native plugins for Editor in 0.00 ms.
Unloading 3854 Unused Serialized files (Serialized files now loaded: 0)
Unloading 29 unused Assets / (121.6 KB). Loaded Objects now: 4376.
Memory consumption went from 140.3 MB to 140.2 MB.
Total: 3.224600 ms (FindLiveObjects: 0.282700 ms CreateObjectMapping: 0.196700 ms MarkObjects: 2.606700 ms  DeleteObjects: 0.137200 ms)

AssetImportParameters requested are different than current active one (requested -> active):
  custom:video-decoder-ogg-theora: a1e56fd34408186e4bbccfd4996cb3dc -> 
  custom:container-muxer-webm: aa71ff27fc2769a1b78a27578f13a17b -> 
  custom:container-demuxer-webm: 4f35f7cbe854078d1ac9338744f61a02 -> 
  custom:video-encoder-webm-vp8: eb34c28f22e8b96e1ab97ce403110664 -> 
  custom:audio-encoder-webm-vorbis: bf7c407c2cedff20999df2af8eb42d56 -> 
  custom:framework-win-MediaFoundation: 216162199b28c13a410421893ffa2e32 -> 
  custom:container-demuxer-ogg: 62fdf1f143b41e24485cea50d1cbac27 -> 
  custom:video-decoder-webm-vp8: 9c59270c3fd7afecdb556c50c9e8de78 -> 
  custom:audio-decoder-ogg-vorbis: bf7c407c2cedff20999df2af8eb42d56 -> 
========================================================================
Received Prepare
Registering precompiled user dll's ...
Registered in 0.004199 seconds.
Begin MonoManager ReloadAssembly
Symbol file LoadedFromMemory doesn't match image E:\Documents\CODING\Git\MBKM-Labirin\Library\PackageCache\com.unity.visualscripting@1.7.8\Editor\VisualScripting.Core\Dependencies\YamlDotNet\Unity.VisualScripting.YamlDotNet.dll
Symbol file LoadedFromMemory doesn't match image E:\Documents\CODING\Git\MBKM-Labirin\Library\PackageCache\com.unity.visualscripting@1.7.8\Editor\VisualScripting.Core\Dependencies\DotNetZip\Unity.VisualScripting.IonicZip.dll
Native extension for UWP target not found
Native extension for WindowsStandalone target not found
Native extension for Android target not found
Native extension for WebGL target not found
Refreshing native plugins compatible for Editor in 0.65 ms, found 3 plugins.
Preloading 0 native plugins for Editor in 0.00 ms.
Mono: successfully reloaded assembly
- Completed reload, in  1.146 seconds
Domain Reload Profiling:
	ReloadAssembly (1147ms)
		BeginReloadAssembly (129ms)
			ExecutionOrderSort (0ms)
			DisableScriptedObjects (7ms)
			BackupInstance (0ms)
			ReleaseScriptingObjects (0ms)
			CreateAndSetChildDomain (35ms)
		EndReloadAssembly (880ms)
			LoadAssemblies (82ms)
			RebuildTransferFunctionScriptingTraits (0ms)
			SetupTypeCache (316ms)
			ReleaseScriptCaches (1ms)
			RebuildScriptCaches (45ms)
			SetupLoadedEditorAssemblies (378ms)
				LogAssemblyErrors (0ms)
				InitializePlatformSupportModulesInManaged (22ms)
				SetLoadedEditorAssemblies (0ms)
				RefreshPlugins (1ms)
				BeforeProcessingInitializeOnLoad (64ms)
				ProcessInitializeOnLoadAttributes (249ms)
				ProcessInitializeOnLoadMethodAttributes (33ms)
				AfterProcessingInitializeOnLoad (8ms)
				EditorAssembliesLoaded (0ms)
			ExecutionOrderSort2 (0ms)
			AwakeInstancesAfterBackupRestoration (5ms)
Platform modules already initialized, skipping
Refreshing native plugins compatible for Editor in 1.82 ms, found 3 plugins.
Preloading 0 native plugins for Editor in 0.00 ms.
Unloading 3854 Unused Serialized files (Serialized files now loaded: 0)
Unloading 29 unused Assets / (114.0 KB). Loaded Objects now: 4379.
Memory consumption went from 140.3 MB to 140.2 MB.
Total: 3.053300 ms (FindLiveObjects: 0.345300 ms CreateObjectMapping: 0.168200 ms MarkObjects: 2.439300 ms  DeleteObjects: 0.099700 ms)

AssetImportParameters requested are different than current active one (requested -> active):
  custom:video-decoder-ogg-theora: a1e56fd34408186e4bbccfd4996cb3dc -> 
  custom:container-muxer-webm: aa71ff27fc2769a1b78a27578f13a17b -> 
  custom:container-demuxer-webm: 4f35f7cbe854078d1ac9338744f61a02 -> 
  custom:video-encoder-webm-vp8: eb34c28f22e8b96e1ab97ce403110664 -> 
  custom:audio-encoder-webm-vorbis: bf7c407c2cedff20999df2af8eb42d56 -> 
  custom:framework-win-MediaFoundation: 216162199b28c13a410421893ffa2e32 -> 
  custom:container-demuxer-ogg: 62fdf1f143b41e24485cea50d1cbac27 -> 
  custom:video-decoder-webm-vp8: 9c59270c3fd7afecdb556c50c9e8de78 -> 
  custom:audio-decoder-ogg-vorbis: bf7c407c2cedff20999df2af8eb42d56 -> 
========================================================================
Received Import Request.
  Time since last request: 1253.806011 seconds.
  path: Assets/Material
  artifactKey: Guid(55f7d5eff269af34db24840540e496e7) Importer(815301076,1909f56bfc062723c751e8b465ee728b)
Start importing Assets/Material using Guid(55f7d5eff269af34db24840540e496e7) Importer(815301076,1909f56bfc062723c751e8b465ee728b)  -> (artifact id: '74fd5c91afb4959f783b96983abac1a0') in 0.010876 seconds 
========================================================================
Received Import Request.
  Time since last request: 1.055116 seconds.
  path: Assets/Material/Abang.mat
  artifactKey: Guid(22fe104fd3bcd2144aedfab981a959be) Importer(815301076,1909f56bfc062723c751e8b465ee728b)
Start importing Assets/Material/Abang.mat using Guid(22fe104fd3bcd2144aedfab981a959be) Importer(815301076,1909f56bfc062723c751e8b465ee728b)  -> (artifact id: 'b944c09d1dea7377b2ea4433b9e3b7fc') in 0.316288 seconds 
========================================================================
Received Import Request.
  Time since last request: 0.000048 seconds.
  path: Assets/Material/wood.mat
  artifactKey: Guid(cf0c8f94fade97147942fdade681d8a1) Importer(815301076,1909f56bfc062723c751e8b465ee728b)
Start importing Assets/Material/wood.mat using Guid(cf0c8f94fade97147942fdade681d8a1) Importer(815301076,1909f56bfc062723c751e8b465ee728b)  -> (artifact id: '568671214a5c4d504601ba7cbea99553') in 0.020688 seconds 
========================================================================
Received Import Request.
  Time since last request: 0.000034 seconds.
  path: Assets/Material/pole.mat
  artifactKey: Guid(447b10785c7505945ae5062e618f3a44) Importer(815301076,1909f56bfc062723c751e8b465ee728b)
Start importing Assets/Material/pole.mat using Guid(447b10785c7505945ae5062e618f3a44) Importer(815301076,1909f56bfc062723c751e8b465ee728b)  -> (artifact id: '6c3dff9f624c4ff2c48bc5ec702ac830') in 0.022965 seconds 
========================================================================
Received Import Request.
  Time since last request: 30.008908 seconds.
  path: Assets/Prefab/CornerNE.prefab
  artifactKey: Guid(c03fb8dc038b0ca45a21008099fa3d94) Importer(815301076,1909f56bfc062723c751e8b465ee728b)
Start importing Assets/Prefab/CornerNE.prefab using Guid(c03fb8dc038b0ca45a21008099fa3d94) Importer(815301076,1909f56bfc062723c751e8b465ee728b)  -> (artifact id: 'e94665ec043cf47041f57b95b89bf901') in 0.036813 seconds 
========================================================================
Received Import Request.
  Time since last request: 0.000019 seconds.
  path: Assets/Prefab/WideLaneNGate.prefab
  artifactKey: Guid(867a0d723ee5d7b4bb4a8d95344b4e42) Importer(815301076,1909f56bfc062723c751e8b465ee728b)
Start importing Assets/Prefab/WideLaneNGate.prefab using Guid(867a0d723ee5d7b4bb4a8d95344b4e42) Importer(815301076,1909f56bfc062723c751e8b465ee728b)  -> (artifact id: '0d56efe5fde7fae8cb3c04571d2b9b91') in 0.012025 seconds 
========================================================================
Received Import Request.
  Time since last request: 0.000019 seconds.
  path: Assets/Prefab/WideLaneWGate.prefab
  artifactKey: Guid(0f42b2e1a8f0bbf498506e3e640b6d95) Importer(815301076,1909f56bfc062723c751e8b465ee728b)
Start importing Assets/Prefab/WideLaneWGate.prefab using Guid(0f42b2e1a8f0bbf498506e3e640b6d95) Importer(815301076,1909f56bfc062723c751e8b465ee728b)  -> (artifact id: '0c0e1695358cc1760dcb4049e1fece29') in 0.013583 seconds 
========================================================================
Received Import Request.
  Time since last request: 0.000037 seconds.
  path: Assets/Prefab/WideLaneOpen.prefab
  artifactKey: Guid(6cf9866d9c8f72542be347197aeecbe4) Importer(815301076,1909f56bfc062723c751e8b465ee728b)
Start importing Assets/Prefab/WideLaneOpen.prefab using Guid(6cf9866d9c8f72542be347197aeecbe4) Importer(815301076,1909f56bfc062723c751e8b465ee728b)  -> (artifact id: '02c2697aafcb079f1cfd0f275f20f313') in 0.009307 seconds 
========================================================================
Received Import Request.
  Time since last request: 0.000036 seconds.
  path: Assets/Prefab/PointStart.prefab
  artifactKey: Guid(3cf3bea3844e5fe4e8dd8c020d5a4650) Importer(815301076,1909f56bfc062723c751e8b465ee728b)
Start importing Assets/Prefab/PointStart.prefab using Guid(3cf3bea3844e5fe4e8dd8c020d5a4650) Importer(815301076,1909f56bfc062723c751e8b465ee728b)  -> (artifact id: '0c1ddd0e35981478399e34daeac2a45f') in 0.011100 seconds 
========================================================================
Received Import Request.
  Time since last request: 0.000020 seconds.
  path: Assets/Prefab/StraightLaneZ.prefab
  artifactKey: Guid(0dbef9bbefc380242b4dcf3a0cf0cd8c) Importer(815301076,1909f56bfc062723c751e8b465ee728b)
Start importing Assets/Prefab/StraightLaneZ.prefab using Guid(0dbef9bbefc380242b4dcf3a0cf0cd8c) Importer(815301076,1909f56bfc062723c751e8b465ee728b)  -> (artifact id: '1251bc9a76a3b297a6d139a7e4205352') in 0.011208 seconds 
========================================================================
Received Import Request.
  Time since last request: 3.234262 seconds.
  path: Assets/Prefab/PrefabLegacy/CornerNorthWest.prefab
  artifactKey: Guid(47a91c0746f9b78428449799956113a9) Importer(815301076,1909f56bfc062723c751e8b465ee728b)
Start importing Assets/Prefab/PrefabLegacy/CornerNorthWest.prefab using Guid(47a91c0746f9b78428449799956113a9) Importer(815301076,1909f56bfc062723c751e8b465ee728b)  -> (artifact id: 'cb8eff6f17d9b0491cf7ab7b49abbf55') in 0.011713 seconds 
========================================================================
Received Import Request.
  Time since last request: 0.000019 seconds.
  path: Assets/Prefab/PrefabLegacy/End Hole.prefab
  artifactKey: Guid(818b7cf623cd9164bb5dfcd2b82ec3ba) Importer(815301076,1909f56bfc062723c751e8b465ee728b)
Start importing Assets/Prefab/PrefabLegacy/End Hole.prefab using Guid(818b7cf623cd9164bb5dfcd2b82ec3ba) Importer(815301076,1909f56bfc062723c751e8b465ee728b)  -> (artifact id: 'cf5acc0cac36685a6ff0903ba86fb90d') in 0.031994 seconds 
========================================================================
Received Import Request.
  Time since last request: 0.000021 seconds.
  path: Assets/Prefab/PrefabLegacy/TJunctionNES.prefab
  artifactKey: Guid(b5f356e298f6de846bbe3ec336781193) Importer(815301076,1909f56bfc062723c751e8b465ee728b)
Start importing Assets/Prefab/PrefabLegacy/TJunctionNES.prefab using Guid(b5f356e298f6de846bbe3ec336781193) Importer(815301076,1909f56bfc062723c751e8b465ee728b)  -> (artifact id: 'efaff6deaef0a9493db4011fca7c0293') in 0.010011 seconds 
========================================================================
Received Import Request.
  Time since last request: 0.000027 seconds.
  path: Assets/Prefab/PrefabLegacy/WideLaneCaged.prefab
  artifactKey: Guid(fe16c55dee1563141817c56eca177191) Importer(815301076,1909f56bfc062723c751e8b465ee728b)
Start importing Assets/Prefab/PrefabLegacy/WideLaneCaged.prefab using Guid(fe16c55dee1563141817c56eca177191) Importer(815301076,1909f56bfc062723c751e8b465ee728b)  -> (artifact id: '721b200d8d2e8899a716e81d00932cd7') in 0.007711 seconds 
Editor requested this worker to shutdown with reason: Scaling down because of idle timeout
AssetImportWorker is now disconnected from the server
Process exiting
Exiting without the bug reporter. Application will terminate with return code 0